{"name":"hexo","hostname":"pj-PC","pid":15732,"level":20,"msg":"Hexo version: 3.3.8","time":"2019-01-09T06:31:21.348Z","v":0}
{"name":"hexo","hostname":"pj-PC","pid":15732,"level":20,"msg":"Working directory: F:\\Hexo\\blog\\","time":"2019-01-09T06:31:21.351Z","v":0}
{"name":"hexo","hostname":"pj-PC","pid":15732,"level":20,"msg":"Config loaded: F:\\Hexo\\blog\\_config.yml","time":"2019-01-09T06:31:21.503Z","v":0}
{"name":"hexo","hostname":"pj-PC","pid":15732,"level":20,"msg":"Plugin loaded: hexo-deployer-git","time":"2019-01-09T06:31:21.544Z","v":0}
{"name":"hexo","hostname":"pj-PC","pid":15732,"level":20,"msg":"Plugin loaded: hexo-generator-archive","time":"2019-01-09T06:31:21.549Z","v":0}
{"name":"hexo","hostname":"pj-PC","pid":15732,"level":20,"msg":"Plugin loaded: hexo-generator-baidu-sitemap","time":"2019-01-09T06:31:21.556Z","v":0}
{"name":"hexo","hostname":"pj-PC","pid":15732,"level":20,"msg":"Plugin loaded: hexo-generator-feed","time":"2019-01-09T06:31:21.560Z","v":0}
{"name":"hexo","hostname":"pj-PC","pid":15732,"level":20,"msg":"Plugin loaded: hexo-generator-category","time":"2019-01-09T06:31:21.563Z","v":0}
{"name":"hexo","hostname":"pj-PC","pid":15732,"level":20,"msg":"Plugin loaded: hexo-generator-index","time":"2019-01-09T06:31:21.564Z","v":0}
{"name":"hexo","hostname":"pj-PC","pid":15732,"level":20,"msg":"Plugin loaded: hexo-generator-searchdb","time":"2019-01-09T06:31:21.570Z","v":0}
{"name":"hexo","hostname":"pj-PC","pid":15732,"level":20,"msg":"Plugin loaded: hexo-generator-tag","time":"2019-01-09T06:31:21.572Z","v":0}
{"name":"hexo","hostname":"pj-PC","pid":15732,"level":20,"msg":"Plugin loaded: hexo-generator-sitemap","time":"2019-01-09T06:31:21.575Z","v":0}
{"name":"hexo","hostname":"pj-PC","pid":15732,"level":20,"msg":"Plugin loaded: hexo-renderer-marked","time":"2019-01-09T06:31:21.581Z","v":0}
{"name":"hexo","hostname":"pj-PC","pid":15732,"level":20,"msg":"Plugin loaded: hexo-renderer-pug","time":"2019-01-09T06:31:21.878Z","v":0}
{"name":"hexo","hostname":"pj-PC","pid":15732,"level":20,"msg":"Plugin loaded: hexo-renderer-sass","time":"2019-01-09T06:31:21.912Z","v":0}
{"name":"hexo","hostname":"pj-PC","pid":15732,"level":20,"msg":"Plugin loaded: hexo-renderer-stylus","time":"2019-01-09T06:31:21.914Z","v":0}
{"name":"hexo","hostname":"pj-PC","pid":15732,"level":20,"msg":"Plugin loaded: hexo-server","time":"2019-01-09T06:31:22.014Z","v":0}
{"name":"hexo","hostname":"pj-PC","pid":15732,"level":20,"msg":"Script loaded: themes\\next\\scripts\\merge-configs.js","time":"2019-01-09T06:31:22.019Z","v":0}
{"name":"hexo","hostname":"pj-PC","pid":15732,"level":20,"msg":"Script loaded: themes\\next\\scripts\\tags\\button.js","time":"2019-01-09T06:31:22.019Z","v":0}
{"name":"hexo","hostname":"pj-PC","pid":15732,"level":20,"msg":"Script loaded: themes\\next\\scripts\\tags\\center-quote.js","time":"2019-01-09T06:31:22.020Z","v":0}
{"name":"hexo","hostname":"pj-PC","pid":15732,"level":20,"msg":"Script loaded: themes\\next\\scripts\\merge.js","time":"2019-01-09T06:31:22.023Z","v":0}
{"name":"hexo","hostname":"pj-PC","pid":15732,"level":20,"msg":"Script loaded: themes\\next\\scripts\\tags\\exturl.js","time":"2019-01-09T06:31:22.024Z","v":0}
{"name":"hexo","hostname":"pj-PC","pid":15732,"level":20,"msg":"Script loaded: themes\\next\\scripts\\tags\\label.js","time":"2019-01-09T06:31:22.024Z","v":0}
{"name":"hexo","hostname":"pj-PC","pid":15732,"level":20,"msg":"Script loaded: themes\\next\\scripts\\tags\\group-pictures.js","time":"2019-01-09T06:31:22.025Z","v":0}
{"name":"hexo","hostname":"pj-PC","pid":15732,"level":20,"msg":"Script loaded: themes\\next\\scripts\\tags\\note.js","time":"2019-01-09T06:31:22.025Z","v":0}
{"name":"hexo","hostname":"pj-PC","pid":15732,"level":20,"msg":"Script loaded: themes\\next\\scripts\\tags\\lazy-image.js","time":"2019-01-09T06:31:22.026Z","v":0}
{"name":"hexo","hostname":"pj-PC","pid":15732,"level":20,"msg":"Script loaded: themes\\next\\scripts\\tags\\tabs.js","time":"2019-01-09T06:31:22.027Z","v":0}
{"name":"hexo","hostname":"pj-PC","pid":15732,"level":20,"msg":"Script loaded: themes\\next\\scripts\\tags\\full-image.js","time":"2019-01-09T06:31:22.027Z","v":0}
{"name":"hexo","hostname":"pj-PC","pid":15732,"level":20,"msg":"Database saved","time":"2019-01-09T06:31:22.034Z","v":0}
